Arguments: 
  /usr/local/bin/node /usr/local/Cellar/yarn/1.22.10/libexec/bin/yarn.js run start

PATH: 
  /Users/mac/.npm-packages/bin:/usr/local/bin:/usr/bin:/bin:/usr/sbin:/sbin:/opt/X11/bin:/Library/Apple/usr/bin:/Users/mac/.cargo/bin

Yarn version: 
  1.22.10

Node version: 
  15.5.1

Platform: 
  darwin x64

Trace: 
  SyntaxError: /Users/mac/_projects/untitled2/package.json: Unexpected token t in JSON at position 206
      at JSON.parse (<anonymous>)
      at /usr/local/Cellar/yarn/1.22.10/libexec/lib/cli.js:1625:59
      at Generator.next (<anonymous>)
      at step (/usr/local/Cellar/yarn/1.22.10/libexec/lib/cli.js:310:30)
      at /usr/local/Cellar/yarn/1.22.10/libexec/lib/cli.js:321:13

npm manifest: 
  {
    "name": "untitled2",
    "version": "1.0.0",
    "description": "",
    "main": "index.js",
    "scripts": {
      "start:build": "tsc -w",
      "start:run": "nodemon build/index.js",
      "start":  "concurrently "tsc -w" "nodemon
      "build/index.js""
    },
    "keywords": [],
    "author": "",
    "license": "ISC",
    "dependencies": {
      "concurrently": "^5.3.0",
      "nodemon": "^2.0.7"
    }
  }

yarn manifest: 
  No manifest

Lockfile: 
  No lockfile
